[0.192s] DEBUG:colcon:Command line arguments: ['/usr/bin/colcon', 'build']
[0.192s] DEBUG:colcon:Parsed command line arguments: Namespace(allow_overriding=[], ament_cmake_args=None, base_paths=['.'], build_base='build', catkin_cmake_args=None, catkin_skip_building_tests=False, cmake_args=None, cmake_clean_cache=False, cmake_clean_first=False, cmake_force_configure=False, cmake_target=None, cmake_target_skip_unavailable=False, continue_on_error=False, event_handlers=None, executor='parallel', ignore_user_meta=False, install_base='install', log_base=None, log_level=None, main=<bound method BuildVerb.main of <colcon_core.verb.build.BuildVerb object at 0x7f8ed43b2340>>, merge_install=False, metas=['./colcon.meta'], mixin=None, mixin_files=None, mixin_verb=('build',), packages_above=None, packages_above_and_dependencies=None, packages_above_depth=None, packages_end=None, packages_ignore=None, packages_ignore_regex=None, packages_select=None, packages_select_build_failed=False, packages_select_by_dep=None, packages_select_regex=None, packages_select_test_failures=False, packages_skip=None, packages_skip_build_finished=False, packages_skip_by_dep=None, packages_skip_regex=None, packages_skip_test_passed=False, packages_skip_up_to=None, packages_start=None, packages_up_to=None, packages_up_to_regex=None, parallel_workers=6, paths=None, symlink_install=False, test_result_base=None, verb_extension=<colcon_core.verb.build.BuildVerb object at 0x7f8ed43b2340>, verb_name='build', verb_parser=<colcon_mixin.mixin.mixin_argument.MixinArgumentDecorator object at 0x7f8ed43b2d60>)
[0.333s] Level 1:colcon.colcon_core.package_discovery:discover_packages(colcon_meta) check parameters
[0.333s] Level 1:colcon.colcon_core.package_discovery:discover_packages(recursive) check parameters
[0.333s] Level 1:colcon.colcon_core.package_discovery:discover_packages(ignore) check parameters
[0.333s] Level 1:colcon.colcon_core.package_discovery:discover_packages(path) check parameters
[0.333s] Level 1:colcon.colcon_core.package_discovery:discover_packages(colcon_meta) discover
[0.334s] Level 1:colcon.colcon_core.package_discovery:discover_packages(recursive) discover
[0.334s] INFO:colcon.colcon_core.package_discovery:Crawling recursively for packages in '/home/diego/csagv_foxy'
[0.334s] Level 1:colcon.colcon_core.package_identification:_identify(.) by extensions ['ignore', 'ignore_ament_install']
[0.334s] Level 1:colcon.colcon_core.package_identification:_identify(.) by extension 'ignore'
[0.334s] Level 1:colcon.colcon_core.package_identification:_identify(.) by extension 'ignore_ament_install'
[0.334s] Level 1:colcon.colcon_core.package_identification:_identify(.) by extensions ['colcon_pkg']
[0.334s] Level 1:colcon.colcon_core.package_identification:_identify(.) by extension 'colcon_pkg'
[0.334s] Level 1:colcon.colcon_core.package_identification:_identify(.) by extensions ['colcon_meta']
[0.334s] Level 1:colcon.colcon_core.package_identification:_identify(.) by extension 'colcon_meta'
[0.334s] Level 1:colcon.colcon_core.package_identification:_identify(.) by extensions ['ros']
[0.334s] Level 1:colcon.colcon_core.package_identification:_identify(.) by extension 'ros'
[0.344s] Level 1:colcon.colcon_core.package_identification:_identify(.) by extensions ['cmake', 'python']
[0.344s] Level 1:colcon.colcon_core.package_identification:_identify(.) by extension 'cmake'
[0.345s] Level 1:colcon.colcon_core.package_identification:_identify(.) by extension 'python'
[0.345s] Level 1:colcon.colcon_core.package_identification:_identify(.) by extensions ['python_setup_py']
[0.345s] Level 1:colcon.colcon_core.package_identification:_identify(.) by extension 'python_setup_py'
[0.345s] Level 1:colcon.colcon_core.package_identification:_identify(build) by extensions ['ignore', 'ignore_ament_install']
[0.345s] Level 1:colcon.colcon_core.package_identification:_identify(build) by extension 'ignore'
[0.345s] Level 1:colcon.colcon_core.package_identification:_identify(build) ignored
[0.345s] Level 1:colcon.colcon_core.package_identification:_identify(install) by extensions ['ignore', 'ignore_ament_install']
[0.345s] Level 1:colcon.colcon_core.package_identification:_identify(install) by extension 'ignore'
[0.345s] Level 1:colcon.colcon_core.package_identification:_identify(install) ignored
[0.345s] Level 1:colcon.colcon_core.package_identification:_identify(log) by extensions ['ignore', 'ignore_ament_install']
[0.345s] Level 1:colcon.colcon_core.package_identification:_identify(log) by extension 'ignore'
[0.345s] Level 1:colcon.colcon_core.package_identification:_identify(log) ignored
[0.345s] Level 1:colcon.colcon_core.package_identification:_identify(src) by extensions ['ignore', 'ignore_ament_install']
[0.346s] Level 1:colcon.colcon_core.package_identification:_identify(src) by extension 'ignore'
[0.346s] Level 1:colcon.colcon_core.package_identification:_identify(src) by extension 'ignore_ament_install'
[0.346s] Level 1:colcon.colcon_core.package_identification:_identify(src) by extensions ['colcon_pkg']
[0.346s] Level 1:colcon.colcon_core.package_identification:_identify(src) by extension 'colcon_pkg'
[0.346s] Level 1:colcon.colcon_core.package_identification:_identify(src) by extensions ['colcon_meta']
[0.346s] Level 1:colcon.colcon_core.package_identification:_identify(src) by extension 'colcon_meta'
[0.346s] Level 1:colcon.colcon_core.package_identification:_identify(src) by extensions ['ros']
[0.346s] Level 1:colcon.colcon_core.package_identification:_identify(src) by extension 'ros'
[0.346s] Level 1:colcon.colcon_core.package_identification:_identify(src) by extensions ['cmake', 'python']
[0.346s] Level 1:colcon.colcon_core.package_identification:_identify(src) by extension 'cmake'
[0.346s] Level 1:colcon.colcon_core.package_identification:_identify(src) by extension 'python'
[0.346s] Level 1:colcon.colcon_core.package_identification:_identify(src) by extensions ['python_setup_py']
[0.346s] Level 1:colcon.colcon_core.package_identification:_identify(src) by extension 'python_setup_py'
[0.346s] Level 1:colcon.colcon_core.package_identification:_identify(src/lidar_node) by extensions ['ignore', 'ignore_ament_install']
[0.346s] Level 1:colcon.colcon_core.package_identification:_identify(src/lidar_node) by extension 'ignore'
[0.346s] Level 1:colcon.colcon_core.package_identification:_identify(src/lidar_node) by extension 'ignore_ament_install'
[0.346s] Level 1:colcon.colcon_core.package_identification:_identify(src/lidar_node) by extensions ['colcon_pkg']
[0.346s] Level 1:colcon.colcon_core.package_identification:_identify(src/lidar_node) by extension 'colcon_pkg'
[0.346s] Level 1:colcon.colcon_core.package_identification:_identify(src/lidar_node) by extensions ['colcon_meta']
[0.346s] Level 1:colcon.colcon_core.package_identification:_identify(src/lidar_node) by extension 'colcon_meta'
[0.346s] Level 1:colcon.colcon_core.package_identification:_identify(src/lidar_node) by extensions ['ros']
[0.346s] Level 1:colcon.colcon_core.package_identification:_identify(src/lidar_node) by extension 'ros'
[0.349s] DEBUG:colcon.colcon_core.package_identification:Package 'src/lidar_node' with type 'ros.ament_cmake' and name 'lidar_node'
[0.349s] Level 1:colcon.colcon_core.package_identification:_identify(src/nmpc_node) by extensions ['ignore', 'ignore_ament_install']
[0.349s] Level 1:colcon.colcon_core.package_identification:_identify(src/nmpc_node) by extension 'ignore'
[0.349s] Level 1:colcon.colcon_core.package_identification:_identify(src/nmpc_node) by extension 'ignore_ament_install'
[0.349s] Level 1:colcon.colcon_core.package_identification:_identify(src/nmpc_node) by extensions ['colcon_pkg']
[0.349s] Level 1:colcon.colcon_core.package_identification:_identify(src/nmpc_node) by extension 'colcon_pkg'
[0.349s] Level 1:colcon.colcon_core.package_identification:_identify(src/nmpc_node) by extensions ['colcon_meta']
[0.349s] Level 1:colcon.colcon_core.package_identification:_identify(src/nmpc_node) by extension 'colcon_meta'
[0.349s] Level 1:colcon.colcon_core.package_identification:_identify(src/nmpc_node) by extensions ['ros']
[0.349s] Level 1:colcon.colcon_core.package_identification:_identify(src/nmpc_node) by extension 'ros'
[0.350s] DEBUG:colcon.colcon_core.package_identification:Package 'src/nmpc_node' with type 'ros.ament_python' and name 'nmpc_node'
[0.350s] Level 1:colcon.colcon_core.package_discovery:discover_packages(recursive) using defaults
[0.350s] Level 1:colcon.colcon_core.package_discovery:discover_packages(ignore) discover
[0.350s] Level 1:colcon.colcon_core.package_discovery:discover_packages(ignore) using defaults
[0.350s] Level 1:colcon.colcon_core.package_discovery:discover_packages(path) discover
[0.350s] Level 1:colcon.colcon_core.package_discovery:discover_packages(path) using defaults
[0.363s] Level 1:colcon.colcon_core.package_discovery:discover_packages(prefix_path) check parameters
[0.363s] Level 1:colcon.colcon_core.package_discovery:discover_packages(prefix_path) discover
[0.364s] WARNING:colcon.colcon_ros.prefix_path.ament:The path '/home/diego/csagv_foxy/install/lidar_node' in the environment variable AMENT_PREFIX_PATH doesn't exist
[0.364s] WARNING:colcon.colcon_ros.prefix_path.catkin:The path '/home/diego/csagv_foxy/install/lidar_node' in the environment variable CMAKE_PREFIX_PATH doesn't exist
[0.364s] DEBUG:colcon.colcon_installed_package_information.package_discovery:Found 1 installed packages in /home/diego/csagv_foxy/install
[0.365s] DEBUG:colcon.colcon_installed_package_information.package_discovery:Found 257 installed packages in /opt/ros/foxy
[0.375s] Level 1:colcon.colcon_core.package_discovery:discover_packages(prefix_path) using defaults
[0.430s] Level 5:colcon.colcon_core.verb:set package 'lidar_node' build argument 'cmake_args' from command line to 'None'
[0.430s] Level 5:colcon.colcon_core.verb:set package 'lidar_node' build argument 'cmake_target' from command line to 'None'
[0.430s] Level 5:colcon.colcon_core.verb:set package 'lidar_node' build argument 'cmake_target_skip_unavailable' from command line to 'False'
[0.430s] Level 5:colcon.colcon_core.verb:set package 'lidar_node' build argument 'cmake_clean_cache' from command line to 'False'
[0.430s] Level 5:colcon.colcon_core.verb:set package 'lidar_node' build argument 'cmake_clean_first' from command line to 'False'
[0.430s] Level 5:colcon.colcon_core.verb:set package 'lidar_node' build argument 'cmake_force_configure' from command line to 'False'
[0.430s] Level 5:colcon.colcon_core.verb:set package 'lidar_node' build argument 'ament_cmake_args' from command line to 'None'
[0.430s] Level 5:colcon.colcon_core.verb:set package 'lidar_node' build argument 'catkin_cmake_args' from command line to 'None'
[0.430s] Level 5:colcon.colcon_core.verb:set package 'lidar_node' build argument 'catkin_skip_building_tests' from command line to 'False'
[0.430s] DEBUG:colcon.colcon_core.verb:Building package 'lidar_node' with the following arguments: {'ament_cmake_args': None, 'build_base': '/home/diego/csagv_foxy/build/lidar_node', 'catkin_cmake_args': None, 'catkin_skip_building_tests': False, 'cmake_args': None, 'cmake_clean_cache': False, 'cmake_clean_first': False, 'cmake_force_configure': False, 'cmake_target': None, 'cmake_target_skip_unavailable': False, 'install_base': '/home/diego/csagv_foxy/install/lidar_node', 'merge_install': False, 'path': '/home/diego/csagv_foxy/src/lidar_node', 'symlink_install': False, 'test_result_base': None}
[0.431s] Level 5:colcon.colcon_core.verb:set package 'nmpc_node' build argument 'cmake_args' from command line to 'None'
[0.431s] Level 5:colcon.colcon_core.verb:set package 'nmpc_node' build argument 'cmake_target' from command line to 'None'
[0.431s] Level 5:colcon.colcon_core.verb:set package 'nmpc_node' build argument 'cmake_target_skip_unavailable' from command line to 'False'
[0.431s] Level 5:colcon.colcon_core.verb:set package 'nmpc_node' build argument 'cmake_clean_cache' from command line to 'False'
[0.431s] Level 5:colcon.colcon_core.verb:set package 'nmpc_node' build argument 'cmake_clean_first' from command line to 'False'
[0.431s] Level 5:colcon.colcon_core.verb:set package 'nmpc_node' build argument 'cmake_force_configure' from command line to 'False'
[0.431s] Level 5:colcon.colcon_core.verb:set package 'nmpc_node' build argument 'ament_cmake_args' from command line to 'None'
[0.431s] Level 5:colcon.colcon_core.verb:set package 'nmpc_node' build argument 'catkin_cmake_args' from command line to 'None'
[0.431s] Level 5:colcon.colcon_core.verb:set package 'nmpc_node' build argument 'catkin_skip_building_tests' from command line to 'False'
[0.431s] DEBUG:colcon.colcon_core.verb:Building package 'nmpc_node' with the following arguments: {'ament_cmake_args': None, 'build_base': '/home/diego/csagv_foxy/build/nmpc_node', 'catkin_cmake_args': None, 'catkin_skip_building_tests': False, 'cmake_args': None, 'cmake_clean_cache': False, 'cmake_clean_first': False, 'cmake_force_configure': False, 'cmake_target': None, 'cmake_target_skip_unavailable': False, 'install_base': '/home/diego/csagv_foxy/install/nmpc_node', 'merge_install': False, 'path': '/home/diego/csagv_foxy/src/nmpc_node', 'symlink_install': False, 'test_result_base': None}
[0.431s] INFO:colcon.colcon_core.executor:Executing jobs using 'parallel' executor
[0.432s] DEBUG:colcon.colcon_parallel_executor.executor.parallel:run_until_complete
[0.432s] INFO:colcon.colcon_ros.task.ament_cmake.build:Building ROS package in '/home/diego/csagv_foxy/src/lidar_node' with build type 'ament_cmake'
[0.432s] INFO:colcon.colcon_cmake.task.cmake.build:Building CMake package in '/home/diego/csagv_foxy/src/lidar_node'
[0.434s] INFO:colcon.colcon_core.plugin_system:Skipping extension 'colcon_core.shell.bat': Not used on non-Windows systems
[0.434s] INFO:colcon.colcon_core.shell:Skip shell extension 'powershell' for command environment: Not usable outside of PowerShell
[0.434s] DEBUG:colcon.colcon_core.shell:Skip shell extension 'dsv' for command environment
[0.439s] INFO:colcon.colcon_ros.task.ament_python.build:Building ROS package in '/home/diego/csagv_foxy/src/nmpc_node' with build type 'ament_python'
[0.439s] Level 1:colcon.colcon_core.shell:create_environment_hook('nmpc_node', 'ament_prefix_path')
[0.439s] INFO:colcon.colcon_core.shell:Creating environment hook '/home/diego/csagv_foxy/install/nmpc_node/share/nmpc_node/hook/ament_prefix_path.ps1'
[0.441s] INFO:colcon.colcon_core.shell:Creating environment descriptor '/home/diego/csagv_foxy/install/nmpc_node/share/nmpc_node/hook/ament_prefix_path.dsv'
[0.441s] INFO:colcon.colcon_core.shell:Creating environment hook '/home/diego/csagv_foxy/install/nmpc_node/share/nmpc_node/hook/ament_prefix_path.sh'
[0.442s] INFO:colcon.colcon_core.shell:Skip shell extension 'powershell' for command environment: Not usable outside of PowerShell
[0.442s] DEBUG:colcon.colcon_core.shell:Skip shell extension 'dsv' for command environment
[0.463s] DEBUG:colcon.colcon_core.event_handler.log_command:Invoking command in '/home/diego/csagv_foxy/build/lidar_node': CMAKE_PREFIX_PATH=${CMAKE_PREFIX_PATH}:/home/diego/csagv_foxy/install/nmpc_node:/opt/ros/foxy: /usr/bin/cmake /home/diego/csagv_foxy/src/lidar_node -DCMAKE_INSTALL_PREFIX=/home/diego/csagv_foxy/install/lidar_node
[0.681s] INFO:colcon.colcon_core.task.python.build:Building Python package in '/home/diego/csagv_foxy/src/nmpc_node'
[0.682s] INFO:colcon.colcon_core.shell:Skip shell extension 'powershell' for command environment: Not usable outside of PowerShell
[0.682s] DEBUG:colcon.colcon_core.shell:Skip shell extension 'dsv' for command environment
[1.045s] DEBUG:colcon.colcon_core.event_handler.log_command:Invoking command in '/home/diego/csagv_foxy/src/nmpc_node': PYTHONPATH=/home/diego/csagv_foxy/build/nmpc_node/prefix_override:/usr/lib/python3/dist-packages/colcon_core/task/python/colcon_distutils_commands:/home/diego/csagv_foxy/install/nmpc_node/lib/python3.8/site-packages:${PYTHONPATH} /usr/bin/python3 -W ignore:setup.py install is deprecated -W ignore:easy_install command is deprecated setup.py egg_info --egg-base ../../build/nmpc_node build --build-base /home/diego/csagv_foxy/build/nmpc_node/build install --record /home/diego/csagv_foxy/build/nmpc_node/install.log --install-scripts $base/lib/nmpc_node --single-version-externally-managed install_data
[1.303s] DEBUG:colcon.colcon_core.event_handler.log_command:Invoked command in '/home/diego/csagv_foxy/src/nmpc_node' returned '0': PYTHONPATH=/home/diego/csagv_foxy/build/nmpc_node/prefix_override:/usr/lib/python3/dist-packages/colcon_core/task/python/colcon_distutils_commands:/home/diego/csagv_foxy/install/nmpc_node/lib/python3.8/site-packages:${PYTHONPATH} /usr/bin/python3 -W ignore:setup.py install is deprecated -W ignore:easy_install command is deprecated setup.py egg_info --egg-base ../../build/nmpc_node build --build-base /home/diego/csagv_foxy/build/nmpc_node/build install --record /home/diego/csagv_foxy/build/nmpc_node/install.log --install-scripts $base/lib/nmpc_node --single-version-externally-managed install_data
[1.305s] Level 1:colcon.colcon_core.environment:checking '/home/diego/csagv_foxy/install/nmpc_node' for CMake module files
[1.305s] Level 1:colcon.colcon_core.environment:checking '/home/diego/csagv_foxy/install/nmpc_node' for CMake config files
[1.306s] Level 1:colcon.colcon_core.environment:checking '/home/diego/csagv_foxy/install/nmpc_node/lib'
[1.306s] Level 1:colcon.colcon_core.environment:checking '/home/diego/csagv_foxy/install/nmpc_node/bin'
[1.306s] Level 1:colcon.colcon_core.environment:checking '/home/diego/csagv_foxy/install/nmpc_node/lib/pkgconfig/nmpc_node.pc'
[1.306s] Level 1:colcon.colcon_core.environment:checking '/home/diego/csagv_foxy/install/nmpc_node/lib/python3.8/site-packages'
[1.306s] Level 1:colcon.colcon_core.shell:create_environment_hook('nmpc_node', 'pythonpath')
[1.307s] INFO:colcon.colcon_core.shell:Creating environment hook '/home/diego/csagv_foxy/install/nmpc_node/share/nmpc_node/hook/pythonpath.ps1'
[1.307s] INFO:colcon.colcon_core.shell:Creating environment descriptor '/home/diego/csagv_foxy/install/nmpc_node/share/nmpc_node/hook/pythonpath.dsv'
[1.307s] INFO:colcon.colcon_core.shell:Creating environment hook '/home/diego/csagv_foxy/install/nmpc_node/share/nmpc_node/hook/pythonpath.sh'
[1.308s] Level 1:colcon.colcon_core.environment:checking '/home/diego/csagv_foxy/install/nmpc_node/bin'
[1.308s] Level 1:colcon.colcon_core.environment:create_environment_scripts_only(nmpc_node)
[1.308s] INFO:colcon.colcon_core.shell:Creating package script '/home/diego/csagv_foxy/install/nmpc_node/share/nmpc_node/package.ps1'
[1.309s] INFO:colcon.colcon_core.shell:Creating package descriptor '/home/diego/csagv_foxy/install/nmpc_node/share/nmpc_node/package.dsv'
[1.310s] INFO:colcon.colcon_core.shell:Creating package script '/home/diego/csagv_foxy/install/nmpc_node/share/nmpc_node/package.sh'
[1.310s] INFO:colcon.colcon_core.shell:Creating package script '/home/diego/csagv_foxy/install/nmpc_node/share/nmpc_node/package.bash'
[1.311s] INFO:colcon.colcon_core.shell:Creating package script '/home/diego/csagv_foxy/install/nmpc_node/share/nmpc_node/package.zsh'
[1.311s] Level 1:colcon.colcon_core.environment:create_file_with_runtime_dependencies(/home/diego/csagv_foxy/install/nmpc_node/share/colcon-core/packages/nmpc_node)
[3.112s] DEBUG:colcon.colcon_core.event_handler.log_command:Invoked command in '/home/diego/csagv_foxy/build/lidar_node' returned '0': CMAKE_PREFIX_PATH=${CMAKE_PREFIX_PATH}:/home/diego/csagv_foxy/install/nmpc_node:/opt/ros/foxy: /usr/bin/cmake /home/diego/csagv_foxy/src/lidar_node -DCMAKE_INSTALL_PREFIX=/home/diego/csagv_foxy/install/lidar_node
[3.114s] DEBUG:colcon.colcon_core.event_handler.log_command:Invoking command in '/home/diego/csagv_foxy/build/lidar_node': CMAKE_PREFIX_PATH=${CMAKE_PREFIX_PATH}:/home/diego/csagv_foxy/install/nmpc_node:/opt/ros/foxy: /usr/bin/cmake --build /home/diego/csagv_foxy/build/lidar_node -- -j6 -l6
[16.582s] DEBUG:colcon.colcon_core.event_handler.log_command:Invoked command in '/home/diego/csagv_foxy/build/lidar_node' returned '0': CMAKE_PREFIX_PATH=${CMAKE_PREFIX_PATH}:/home/diego/csagv_foxy/install/nmpc_node:/opt/ros/foxy: /usr/bin/cmake --build /home/diego/csagv_foxy/build/lidar_node -- -j6 -l6
[16.595s] DEBUG:colcon.colcon_core.event_handler.log_command:Invoking command in '/home/diego/csagv_foxy/build/lidar_node': CMAKE_PREFIX_PATH=${CMAKE_PREFIX_PATH}:/home/diego/csagv_foxy/install/nmpc_node:/opt/ros/foxy: /usr/bin/cmake --install /home/diego/csagv_foxy/build/lidar_node
[16.609s] Level 1:colcon.colcon_core.environment:create_environment_scripts_only(lidar_node)
[16.609s] DEBUG:colcon.colcon_core.event_handler.log_command:Invoked command in '/home/diego/csagv_foxy/build/lidar_node' returned '0': CMAKE_PREFIX_PATH=${CMAKE_PREFIX_PATH}:/home/diego/csagv_foxy/install/nmpc_node:/opt/ros/foxy: /usr/bin/cmake --install /home/diego/csagv_foxy/build/lidar_node
[16.610s] Level 1:colcon.colcon_core.environment:checking '/home/diego/csagv_foxy/install/lidar_node' for CMake module files
[16.610s] Level 1:colcon.colcon_core.environment:checking '/home/diego/csagv_foxy/install/lidar_node' for CMake config files
[16.611s] Level 1:colcon.colcon_core.shell:create_environment_hook('lidar_node', 'cmake_prefix_path')
[16.611s] INFO:colcon.colcon_core.shell:Creating environment hook '/home/diego/csagv_foxy/install/lidar_node/share/lidar_node/hook/cmake_prefix_path.ps1'
[16.612s] INFO:colcon.colcon_core.shell:Creating environment descriptor '/home/diego/csagv_foxy/install/lidar_node/share/lidar_node/hook/cmake_prefix_path.dsv'
[16.613s] INFO:colcon.colcon_core.shell:Creating environment hook '/home/diego/csagv_foxy/install/lidar_node/share/lidar_node/hook/cmake_prefix_path.sh'
[16.614s] Level 1:colcon.colcon_core.environment:checking '/home/diego/csagv_foxy/install/lidar_node/lib'
[16.614s] Level 1:colcon.colcon_core.environment:checking '/home/diego/csagv_foxy/install/lidar_node/bin'
[16.614s] Level 1:colcon.colcon_core.environment:checking '/home/diego/csagv_foxy/install/lidar_node/lib/pkgconfig/lidar_node.pc'
[16.614s] Level 1:colcon.colcon_core.environment:checking '/home/diego/csagv_foxy/install/lidar_node/lib/python3.8/site-packages'
[16.614s] Level 1:colcon.colcon_core.environment:checking '/home/diego/csagv_foxy/install/lidar_node/bin'
[16.615s] INFO:colcon.colcon_core.shell:Creating package script '/home/diego/csagv_foxy/install/lidar_node/share/lidar_node/package.ps1'
[16.615s] INFO:colcon.colcon_core.shell:Creating package descriptor '/home/diego/csagv_foxy/install/lidar_node/share/lidar_node/package.dsv'
[16.616s] INFO:colcon.colcon_core.shell:Creating package script '/home/diego/csagv_foxy/install/lidar_node/share/lidar_node/package.sh'
[16.616s] INFO:colcon.colcon_core.shell:Creating package script '/home/diego/csagv_foxy/install/lidar_node/share/lidar_node/package.bash'
[16.617s] INFO:colcon.colcon_core.shell:Creating package script '/home/diego/csagv_foxy/install/lidar_node/share/lidar_node/package.zsh'
[16.617s] Level 1:colcon.colcon_core.environment:create_file_with_runtime_dependencies(/home/diego/csagv_foxy/install/lidar_node/share/colcon-core/packages/lidar_node)
[16.618s] Level 1:colcon.colcon_core.environment:create_environment_scripts_only(lidar_node)
[16.619s] Level 1:colcon.colcon_core.environment:checking '/home/diego/csagv_foxy/install/lidar_node' for CMake module files
[16.619s] Level 1:colcon.colcon_core.environment:checking '/home/diego/csagv_foxy/install/lidar_node' for CMake config files
[16.619s] Level 1:colcon.colcon_core.shell:create_environment_hook('lidar_node', 'cmake_prefix_path')
[16.620s] INFO:colcon.colcon_core.shell:Creating environment hook '/home/diego/csagv_foxy/install/lidar_node/share/lidar_node/hook/cmake_prefix_path.ps1'
[16.620s] INFO:colcon.colcon_core.shell:Creating environment descriptor '/home/diego/csagv_foxy/install/lidar_node/share/lidar_node/hook/cmake_prefix_path.dsv'
[16.621s] INFO:colcon.colcon_core.shell:Creating environment hook '/home/diego/csagv_foxy/install/lidar_node/share/lidar_node/hook/cmake_prefix_path.sh'
[16.622s] Level 1:colcon.colcon_core.environment:checking '/home/diego/csagv_foxy/install/lidar_node/lib'
[16.622s] Level 1:colcon.colcon_core.environment:checking '/home/diego/csagv_foxy/install/lidar_node/bin'
[16.622s] Level 1:colcon.colcon_core.environment:checking '/home/diego/csagv_foxy/install/lidar_node/lib/pkgconfig/lidar_node.pc'
[16.622s] Level 1:colcon.colcon_core.environment:checking '/home/diego/csagv_foxy/install/lidar_node/lib/python3.8/site-packages'
[16.622s] Level 1:colcon.colcon_core.environment:checking '/home/diego/csagv_foxy/install/lidar_node/bin'
[16.623s] INFO:colcon.colcon_core.shell:Creating package script '/home/diego/csagv_foxy/install/lidar_node/share/lidar_node/package.ps1'
[16.623s] INFO:colcon.colcon_core.shell:Creating package descriptor '/home/diego/csagv_foxy/install/lidar_node/share/lidar_node/package.dsv'
[16.624s] INFO:colcon.colcon_core.shell:Creating package script '/home/diego/csagv_foxy/install/lidar_node/share/lidar_node/package.sh'
[16.625s] INFO:colcon.colcon_core.shell:Creating package script '/home/diego/csagv_foxy/install/lidar_node/share/lidar_node/package.bash'
[16.625s] INFO:colcon.colcon_core.shell:Creating package script '/home/diego/csagv_foxy/install/lidar_node/share/lidar_node/package.zsh'
[16.626s] Level 1:colcon.colcon_core.environment:create_file_with_runtime_dependencies(/home/diego/csagv_foxy/install/lidar_node/share/colcon-core/packages/lidar_node)
[16.627s] DEBUG:colcon.colcon_parallel_executor.executor.parallel:closing loop
[16.627s] DEBUG:colcon.colcon_parallel_executor.executor.parallel:loop closed
[16.628s] DEBUG:colcon.colcon_parallel_executor.executor.parallel:run_until_complete finished with '0'
[16.628s] DEBUG:colcon.colcon_core.event_reactor:joining thread
[16.637s] INFO:colcon.colcon_core.plugin_system:Skipping extension 'colcon_notification.desktop_notification.terminal_notifier': Not used on non-Darwin systems
[16.637s] INFO:colcon.colcon_core.plugin_system:Skipping extension 'colcon_notification.desktop_notification.win32': Not used on non-Windows systems
[16.637s] INFO:colcon.colcon_notification.desktop_notification:Sending desktop notification using 'notify2'
[16.658s] DEBUG:colcon.colcon_core.event_reactor:joined thread
[16.659s] INFO:colcon.colcon_core.shell:Creating prefix script '/home/diego/csagv_foxy/install/local_setup.ps1'
[16.660s] INFO:colcon.colcon_core.shell:Creating prefix util module '/home/diego/csagv_foxy/install/_local_setup_util_ps1.py'
[16.661s] INFO:colcon.colcon_core.shell:Creating prefix chain script '/home/diego/csagv_foxy/install/setup.ps1'
[16.662s] INFO:colcon.colcon_core.shell:Creating prefix script '/home/diego/csagv_foxy/install/local_setup.sh'
[16.663s] INFO:colcon.colcon_core.shell:Creating prefix util module '/home/diego/csagv_foxy/install/_local_setup_util_sh.py'
[16.664s] INFO:colcon.colcon_core.shell:Creating prefix chain script '/home/diego/csagv_foxy/install/setup.sh'
[16.665s] INFO:colcon.colcon_core.shell:Creating prefix script '/home/diego/csagv_foxy/install/local_setup.bash'
[16.666s] INFO:colcon.colcon_core.shell:Creating prefix chain script '/home/diego/csagv_foxy/install/setup.bash'
[16.667s] INFO:colcon.colcon_core.shell:Creating prefix script '/home/diego/csagv_foxy/install/local_setup.zsh'
[16.668s] INFO:colcon.colcon_core.shell:Creating prefix chain script '/home/diego/csagv_foxy/install/setup.zsh'
