[0.546s] Invoking command in '/home/diego/csagv_foxy/src/nmpc_node': PYTHONPATH=/home/diego/csagv_foxy/build/nmpc_node/prefix_override:/usr/lib/python3/dist-packages/colcon_core/task/python/colcon_distutils_commands:/home/diego/csagv_foxy/install/nmpc_node/lib/python3.8/site-packages:${PYTHONPATH} /usr/bin/python3 -W ignore:setup.py install is deprecated -W ignore:easy_install command is deprecated setup.py egg_info --egg-base ../../build/nmpc_node build --build-base /home/diego/csagv_foxy/build/nmpc_node/build install --record /home/diego/csagv_foxy/build/nmpc_node/install.log --install-scripts $base/lib/nmpc_node --single-version-externally-managed install_data
[0.722s] running egg_info
[0.722s] creating ../../build/nmpc_node/nmpc_node.egg-info
[0.722s] writing ../../build/nmpc_node/nmpc_node.egg-info/PKG-INFO
[0.722s] writing dependency_links to ../../build/nmpc_node/nmpc_node.egg-info/dependency_links.txt
[0.722s] writing entry points to ../../build/nmpc_node/nmpc_node.egg-info/entry_points.txt
[0.722s] writing requirements to ../../build/nmpc_node/nmpc_node.egg-info/requires.txt
[0.723s] writing top-level names to ../../build/nmpc_node/nmpc_node.egg-info/top_level.txt
[0.723s] writing manifest file '../../build/nmpc_node/nmpc_node.egg-info/SOURCES.txt'
[0.751s] reading manifest file '../../build/nmpc_node/nmpc_node.egg-info/SOURCES.txt'
[0.751s] writing manifest file '../../build/nmpc_node/nmpc_node.egg-info/SOURCES.txt'
[0.751s] running build
[0.751s] running build_py
[0.752s] creating /home/diego/csagv_foxy/build/nmpc_node/build
[0.752s] creating /home/diego/csagv_foxy/build/nmpc_node/build/lib
[0.752s] creating /home/diego/csagv_foxy/build/nmpc_node/build/lib/nmpc_node
[0.752s] copying nmpc_node/nmpc_code.py -> /home/diego/csagv_foxy/build/nmpc_node/build/lib/nmpc_node
[0.752s] copying nmpc_node/__init__.py -> /home/diego/csagv_foxy/build/nmpc_node/build/lib/nmpc_node
[0.752s] running install
[0.753s] running install_lib
[0.753s] creating /home/diego/csagv_foxy/install/nmpc_node/lib/python3.8/site-packages/nmpc_node
[0.753s] copying /home/diego/csagv_foxy/build/nmpc_node/build/lib/nmpc_node/nmpc_code.py -> /home/diego/csagv_foxy/install/nmpc_node/lib/python3.8/site-packages/nmpc_node
[0.754s] copying /home/diego/csagv_foxy/build/nmpc_node/build/lib/nmpc_node/__init__.py -> /home/diego/csagv_foxy/install/nmpc_node/lib/python3.8/site-packages/nmpc_node
[0.754s] byte-compiling /home/diego/csagv_foxy/install/nmpc_node/lib/python3.8/site-packages/nmpc_node/nmpc_code.py to nmpc_code.cpython-38.pyc
[0.755s] byte-compiling /home/diego/csagv_foxy/install/nmpc_node/lib/python3.8/site-packages/nmpc_node/__init__.py to __init__.cpython-38.pyc
[0.755s] running install_data
[0.756s] creating /home/diego/csagv_foxy/install/nmpc_node/share/ament_index
[0.756s] creating /home/diego/csagv_foxy/install/nmpc_node/share/ament_index/resource_index
[0.756s] creating /home/diego/csagv_foxy/install/nmpc_node/share/ament_index/resource_index/packages
[0.756s] copying resource/nmpc_node -> /home/diego/csagv_foxy/install/nmpc_node/share/ament_index/resource_index/packages
[0.756s] copying package.xml -> /home/diego/csagv_foxy/install/nmpc_node/share/nmpc_node
[0.756s] running install_egg_info
[0.757s] Copying ../../build/nmpc_node/nmpc_node.egg-info to /home/diego/csagv_foxy/install/nmpc_node/lib/python3.8/site-packages/nmpc_node-0.0.0-py3.8.egg-info
[0.758s] running install_scripts
[0.771s] Installing nmpc_node script to /home/diego/csagv_foxy/install/nmpc_node/lib/nmpc_node
[0.772s] writing list of installed files to '/home/diego/csagv_foxy/build/nmpc_node/install.log'
[0.789s] Invoked command in '/home/diego/csagv_foxy/src/nmpc_node' returned '0': PYTHONPATH=/home/diego/csagv_foxy/build/nmpc_node/prefix_override:/usr/lib/python3/dist-packages/colcon_core/task/python/colcon_distutils_commands:/home/diego/csagv_foxy/install/nmpc_node/lib/python3.8/site-packages:${PYTHONPATH} /usr/bin/python3 -W ignore:setup.py install is deprecated -W ignore:easy_install command is deprecated setup.py egg_info --egg-base ../../build/nmpc_node build --build-base /home/diego/csagv_foxy/build/nmpc_node/build install --record /home/diego/csagv_foxy/build/nmpc_node/install.log --install-scripts $base/lib/nmpc_node --single-version-externally-managed install_data
