[0.526s] Invoking command in '/home/diego/csagv_foxy/src/nmpc_node': PYTHONPATH=/home/diego/csagv_foxy/build/nmpc_node/prefix_override:/usr/lib/python3/dist-packages/colcon_core/task/python/colcon_distutils_commands:/home/diego/csagv_foxy/install/nmpc_node/lib/python3.8/site-packages:${PYTHONPATH} /usr/bin/python3 -W ignore:setup.py install is deprecated -W ignore:easy_install command is deprecated setup.py egg_info --egg-base ../../build/nmpc_node build --build-base /home/diego/csagv_foxy/build/nmpc_node/build install --record /home/diego/csagv_foxy/build/nmpc_node/install.log --install-scripts $base/lib/nmpc_node --single-version-externally-managed install_data
[0.709s] running egg_info
[0.710s] writing ../../build/nmpc_node/nmpc_node.egg-info/PKG-INFO
[0.710s] writing dependency_links to ../../build/nmpc_node/nmpc_node.egg-info/dependency_links.txt
[0.711s] writing entry points to ../../build/nmpc_node/nmpc_node.egg-info/entry_points.txt
[0.711s] writing requirements to ../../build/nmpc_node/nmpc_node.egg-info/requires.txt
[0.711s] writing top-level names to ../../build/nmpc_node/nmpc_node.egg-info/top_level.txt
[0.738s] reading manifest file '../../build/nmpc_node/nmpc_node.egg-info/SOURCES.txt'
[0.739s] writing manifest file '../../build/nmpc_node/nmpc_node.egg-info/SOURCES.txt'
[0.740s] running build
[0.740s] running build_py
[0.740s] copying nmpc_node/nmpc_code.py -> /home/diego/csagv_foxy/build/nmpc_node/build/lib/nmpc_node
[0.741s] running install
[0.742s] running install_lib
[0.743s] copying /home/diego/csagv_foxy/build/nmpc_node/build/lib/nmpc_node/nmpc_code.py -> /home/diego/csagv_foxy/install/nmpc_node/lib/python3.8/site-packages/nmpc_node
[0.744s] byte-compiling /home/diego/csagv_foxy/install/nmpc_node/lib/python3.8/site-packages/nmpc_node/nmpc_code.py to nmpc_code.cpython-38.pyc
[0.745s] running install_data
[0.746s] running install_egg_info
[0.747s] removing '/home/diego/csagv_foxy/install/nmpc_node/lib/python3.8/site-packages/nmpc_node-0.0.0-py3.8.egg-info' (and everything under it)
[0.748s] Copying ../../build/nmpc_node/nmpc_node.egg-info to /home/diego/csagv_foxy/install/nmpc_node/lib/python3.8/site-packages/nmpc_node-0.0.0-py3.8.egg-info
[0.748s] running install_scripts
[0.762s] Installing nmpc_node script to /home/diego/csagv_foxy/install/nmpc_node/lib/nmpc_node
[0.763s] writing list of installed files to '/home/diego/csagv_foxy/build/nmpc_node/install.log'
[0.782s] Invoked command in '/home/diego/csagv_foxy/src/nmpc_node' returned '0': PYTHONPATH=/home/diego/csagv_foxy/build/nmpc_node/prefix_override:/usr/lib/python3/dist-packages/colcon_core/task/python/colcon_distutils_commands:/home/diego/csagv_foxy/install/nmpc_node/lib/python3.8/site-packages:${PYTHONPATH} /usr/bin/python3 -W ignore:setup.py install is deprecated -W ignore:easy_install command is deprecated setup.py egg_info --egg-base ../../build/nmpc_node build --build-base /home/diego/csagv_foxy/build/nmpc_node/build install --record /home/diego/csagv_foxy/build/nmpc_node/install.log --install-scripts $base/lib/nmpc_node --single-version-externally-managed install_data
