[0.565s] Invoking command in '/home/diego/csagv_foxy/src/nmpc_node': PYTHONPATH=/home/diego/csagv_foxy/build/nmpc_node/prefix_override:/usr/lib/python3/dist-packages/colcon_core/task/python/colcon_distutils_commands:/home/diego/csagv_foxy/install/nmpc_node/lib/python3.8/site-packages:${PYTHONPATH} /usr/bin/python3 -W ignore:setup.py install is deprecated -W ignore:easy_install command is deprecated setup.py egg_info --egg-base ../../build/nmpc_node build --build-base /home/diego/csagv_foxy/build/nmpc_node/build install --record /home/diego/csagv_foxy/build/nmpc_node/install.log --install-scripts $base/lib/nmpc_node --single-version-externally-managed install_data
[0.743s] running egg_info
[0.744s] creating ../../build/nmpc_node/nmpc_node.egg-info
[0.744s] writing ../../build/nmpc_node/nmpc_node.egg-info/PKG-INFO
[0.744s] writing dependency_links to ../../build/nmpc_node/nmpc_node.egg-info/dependency_links.txt
[0.744s] writing entry points to ../../build/nmpc_node/nmpc_node.egg-info/entry_points.txt
[0.745s] writing requirements to ../../build/nmpc_node/nmpc_node.egg-info/requires.txt
[0.745s] writing top-level names to ../../build/nmpc_node/nmpc_node.egg-info/top_level.txt
[0.746s] writing manifest file '../../build/nmpc_node/nmpc_node.egg-info/SOURCES.txt'
[0.776s] reading manifest file '../../build/nmpc_node/nmpc_node.egg-info/SOURCES.txt'
[0.777s] writing manifest file '../../build/nmpc_node/nmpc_node.egg-info/SOURCES.txt'
[0.777s] running build
[0.777s] running build_py
[0.777s] creating /home/diego/csagv_foxy/build/nmpc_node/build
[0.777s] creating /home/diego/csagv_foxy/build/nmpc_node/build/lib
[0.777s] creating /home/diego/csagv_foxy/build/nmpc_node/build/lib/nmpc_node
[0.778s] copying nmpc_node/nmpc_code.py -> /home/diego/csagv_foxy/build/nmpc_node/build/lib/nmpc_node
[0.778s] copying nmpc_node/__init__.py -> /home/diego/csagv_foxy/build/nmpc_node/build/lib/nmpc_node
[0.778s] running install
[0.778s] running install_lib
[0.779s] creating /home/diego/csagv_foxy/install/nmpc_node/lib/python3.8/site-packages/nmpc_node
[0.779s] copying /home/diego/csagv_foxy/build/nmpc_node/build/lib/nmpc_node/nmpc_code.py -> /home/diego/csagv_foxy/install/nmpc_node/lib/python3.8/site-packages/nmpc_node
[0.780s] copying /home/diego/csagv_foxy/build/nmpc_node/build/lib/nmpc_node/__init__.py -> /home/diego/csagv_foxy/install/nmpc_node/lib/python3.8/site-packages/nmpc_node
[0.780s] byte-compiling /home/diego/csagv_foxy/install/nmpc_node/lib/python3.8/site-packages/nmpc_node/nmpc_code.py to nmpc_code.cpython-38.pyc
[0.782s] byte-compiling /home/diego/csagv_foxy/install/nmpc_node/lib/python3.8/site-packages/nmpc_node/__init__.py to __init__.cpython-38.pyc
[0.782s] running install_data
[0.783s] creating /home/diego/csagv_foxy/install/nmpc_node/share/ament_index
[0.783s] creating /home/diego/csagv_foxy/install/nmpc_node/share/ament_index/resource_index
[0.783s] creating /home/diego/csagv_foxy/install/nmpc_node/share/ament_index/resource_index/packages
[0.783s] copying resource/nmpc_node -> /home/diego/csagv_foxy/install/nmpc_node/share/ament_index/resource_index/packages
[0.783s] copying package.xml -> /home/diego/csagv_foxy/install/nmpc_node/share/nmpc_node
[0.783s] running install_egg_info
[0.784s] Copying ../../build/nmpc_node/nmpc_node.egg-info to /home/diego/csagv_foxy/install/nmpc_node/lib/python3.8/site-packages/nmpc_node-0.0.0-py3.8.egg-info
[0.785s] running install_scripts
[0.800s] Installing nmpc_node script to /home/diego/csagv_foxy/install/nmpc_node/lib/nmpc_node
[0.800s] writing list of installed files to '/home/diego/csagv_foxy/build/nmpc_node/install.log'
[0.819s] Invoked command in '/home/diego/csagv_foxy/src/nmpc_node' returned '0': PYTHONPATH=/home/diego/csagv_foxy/build/nmpc_node/prefix_override:/usr/lib/python3/dist-packages/colcon_core/task/python/colcon_distutils_commands:/home/diego/csagv_foxy/install/nmpc_node/lib/python3.8/site-packages:${PYTHONPATH} /usr/bin/python3 -W ignore:setup.py install is deprecated -W ignore:easy_install command is deprecated setup.py egg_info --egg-base ../../build/nmpc_node build --build-base /home/diego/csagv_foxy/build/nmpc_node/build install --record /home/diego/csagv_foxy/build/nmpc_node/install.log --install-scripts $base/lib/nmpc_node --single-version-externally-managed install_data
